<?xml version="1.0" encoding="UTF-8"?>
<!-- Generated by org.testng.reporters.JUnitReportReporter -->
<testsuite hostname="DESKTOP-M1I9C7U" failures="0" tests="3" name="com.jqueryui.testscript.testcase001" time="4.933" errors="0" timestamp="2024-01-17T14:58:38 IST" skipped="0">
  <testcase classname="com.jqueryui.testscript.testcase001" name="fun_InvokeApp" time="2.349"/>
  <system-out/>
  <testcase classname="com.jqueryui.testscript.testcase001" name="fun_ClickPlugin" time="2.545"/>
  <system-out/>
  <testcase classname="com.jqueryui.testscript.testcase001" name="fun_Extractdata" time="0.039"/>
  <system-out/>
</testsuite> <!-- com.jqueryui.testscript.testcase001 -->
